#
# There is insufficient memory for the Java Runtime Environment to continue.
# Native memory allocation (mmap) failed to map 266338304 bytes for G1 virtual space
# Possible reasons:
#   The system is out of physical RAM or swap space
#   The process is running with CompressedOops enabled, and the Java Heap may be blocking the growth of the native heap
# Possible solutions:
#   Reduce memory load on the system
#   Increase physical memory or swap space
#   Check if swap backing store is full
#   Decrease Java heap size (-Xmx/-Xms)
#   Decrease number of Java threads
#   Decrease Java thread stack sizes (-Xss)
#   Set larger code cache with -XX:ReservedCodeCacheSize=
#   JVM is running with Zero Based Compressed Oops mode in which the Java heap is
#     placed in the first 32GB address space. The Java Heap base address is the
#     maximum limit for the native heap growth. Please use -XX:HeapBaseMinAddress
#     to set the Java Heap base and to place the Java Heap above 32GB virtual address.
# This output file may be truncated or incomplete.
#
#  Out of Memory Error (os_windows.cpp:3532), pid=22416, tid=2140
#
# JRE version:  (17.0.2+8) (build )
# Java VM: OpenJDK 64-Bit Server VM (17.0.2+8, mixed mode, sharing, tiered, compressed oops, compressed class ptrs, g1 gc, windows-amd64)
# No core dump will be written. Minidumps are not enabled by default on client versions of Windows
#

---------------  S U M M A R Y ------------

Command Line: -Dfile.encoding=Cp1252 -XX:+ShowCodeDetailsInExceptionMessages Tutorial.Gestures

Host: Intel(R) Core(TM) i5-8265U CPU @ 1.60GHz, 8 cores, 15G,  Windows 10 , 64 bit Build 18362 (10.0.18362.1110)
Time: Mon Jul 25 16:59:27 2022 Central Europe Daylight Time elapsed time: 0.021493 seconds (0d 0h 0m 0s)

---------------  T H R E A D  ---------------

Current thread (0x0000020461b64880):  JavaThread "Unknown thread" [_thread_in_vm, id=2140, stack(0x000000ba66c00000,0x000000ba66d00000)]

Stack: [0x000000ba66c00000,0x000000ba66d00000]
Native frames: (J=compiled Java code, j=interpreted, Vv=VM code, C=native code)
V  [jvm.dll+0x67564a]
V  [jvm.dll+0x82fc04]
V  [jvm.dll+0x8313ae]
V  [jvm.dll+0x831a13]
V  [jvm.dll+0x245235]
V  [jvm.dll+0x672539]
V  [jvm.dll+0x666e82]
V  [jvm.dll+0x30401b]
V  [jvm.dll+0x30b566]
V  [jvm.dll+0x35b1fe]
V  [jvm.dll+0x35b42f]
V  [jvm.dll+0x2daf58]
V  [jvm.dll+0x2dbec4]
V  [jvm.dll+0x801881]
V  [jvm.dll+0x368f81]
V  [jvm.dll+0x7e0cdc]
V  [jvm.dll+0x3eb8bf]
V  [jvm.dll+0x3ed441]
C  [jli.dll+0x5277]
C  [ucrtbase.dll+0x210b2]
C  [KERNEL32.DLL+0x17c24]
C  [ntdll.dll+0x6d4d1]


---------------  P R O C E S S  ---------------

Threads class SMR info:
_java_thread_list=0x00007ffe9b1f5e98, length=0, elements={
}

Java Threads: ( => current thread )

Other Threads:
  0x0000020461bb4070 GCTaskThread "GC Thread#0" [stack: 0x000000ba66d00000,0x000000ba66e00000] [id=1760]
  0x0000020461bc6440 ConcurrentGCThread "G1 Main Marker" [stack: 0x000000ba66e00000,0x000000ba66f00000] [id=20924]
  0x0000020461bc6e50 ConcurrentGCThread "G1 Conc#0" [stack: 0x000000ba66f00000,0x000000ba67000000] [id=6132]

[error occurred during error reporting (printing all threads), id 0xc0000005, EXCEPTION_ACCESS_VIOLATION (0xc0000005) at pc=0x00007ffe9a9cb9d7]

VM state: not at safepoint (not fully initialized)

VM Mutex/Monitor currently owned by a thread:  ([mutex/lock_event])
[0x0000020461b60600] Heap_lock - owner thread: 0x0000020461b64880

Heap address: 0x0000000703e00000, size: 4034 MB, Compressed Oops mode: Zero based, Oop shift amount: 3

CDS archive(s) mapped at: [0x0000000000000000-0x0000000000000000-0x0000000000000000), size 0, SharedBaseAddress: 0x0000000800000000, ArchiveRelocationMode: 0.
Narrow klass base: 0x0000000000000000, Narrow klass shift: 0, Narrow klass range: 0x0

GC Precious Log:
<Empty>

Heap:
 garbage-first heap   total 0K, used 0K [0x0000000703e00000, 0x0000000800000000)
  region size 2048K, 0 young (0K), 0 survivors (0K)

[error occurred during error reporting (printing heap information), id 0xc0000005, EXCEPTION_ACCESS_VIOLATION (0xc0000005) at pc=0x00007ffe9adae899]

GC Heap History (0 events):
No events

Deoptimization events (0 events):
No events

Classes unloaded (0 events):
No events

Classes redefined (0 events):
No events

Internal exceptions (0 events):
No events

VM Operations (0 events):
No events

Events (1 events):
Event: 0.011 Loaded shared library C:\Users\andri\Desktop\eclipse\plugins\org.eclipse.justj.openjdk.hotspot.jre.full.win32.x86_64_17.0.2.v20220201-1208\jre\bin\java.dll


Dynamic libraries:
0x00007ff7ed940000 - 0x00007ff7ed94e000 	C:\Users\andri\Desktop\eclipse\plugins\org.eclipse.justj.openjdk.hotspot.jre.full.win32.x86_64_17.0.2.v20220201-1208\jre\bin\javaw.exe
0x00007fff67ee0000 - 0x00007fff680d0000 	C:\Windows\SYSTEM32\ntdll.dll
0x00007fff0dae0000 - 0x00007fff0daf7000 	C:\Program Files\Avast Software\Avast\aswhook.dll
0x00007fff66dc0000 - 0x00007fff66e72000 	C:\Windows\System32\KERNEL32.DLL
0x00007fff653d0000 - 0x00007fff65675000 	C:\Windows\System32\KERNELBASE.dll
0x00007fff652d0000 - 0x00007fff653ca000 	C:\Windows\System32\ucrtbase.dll
0x00007fff55010000 - 0x00007fff55028000 	C:\Users\andri\Desktop\eclipse\plugins\org.eclipse.justj.openjdk.hotspot.jre.full.win32.x86_64_17.0.2.v20220201-1208\jre\bin\jli.dll
0x00007fff49a00000 - 0x00007fff49a19000 	C:\Users\andri\Desktop\eclipse\plugins\org.eclipse.justj.openjdk.hotspot.jre.full.win32.x86_64_17.0.2.v20220201-1208\jre\bin\VCRUNTIME140.dll
0x00007fff669b0000 - 0x00007fff66b44000 	C:\Windows\System32\USER32.dll
0x00007fff651a0000 - 0x00007fff651c1000 	C:\Windows\System32\win32u.dll
0x00007fff66170000 - 0x00007fff66196000 	C:\Windows\System32\GDI32.dll
0x00007fff54cc0000 - 0x00007fff54f44000 	C:\Windows\WinSxS\amd64_microsoft.windows.common-controls_6595b64144ccf1df_6.0.18362.1256_none_9e7e379be45e40e2\COMCTL32.dll
0x00007fff65000000 - 0x00007fff65196000 	C:\Windows\System32\gdi32full.dll
0x00007fff66060000 - 0x00007fff660fe000 	C:\Windows\System32\msvcrt.dll
0x00007fff65ea0000 - 0x00007fff65f3e000 	C:\Windows\System32\msvcp_win.dll
0x00007fff66250000 - 0x00007fff66586000 	C:\Windows\System32\combase.dll
0x00007fff666e0000 - 0x00007fff66800000 	C:\Windows\System32\RPCRT4.dll
0x00007fff65e10000 - 0x00007fff65e91000 	C:\Windows\System32\bcryptPrimitives.dll
0x00007fff67d40000 - 0x00007fff67d6e000 	C:\Windows\System32\IMM32.DLL
0x00007fff61330000 - 0x00007fff6133c000 	C:\Users\andri\Desktop\eclipse\plugins\org.eclipse.justj.openjdk.hotspot.jre.full.win32.x86_64_17.0.2.v20220201-1208\jre\bin\vcruntime140_1.dll
0x00007fff48620000 - 0x00007fff486b1000 	C:\Users\andri\Desktop\eclipse\plugins\org.eclipse.justj.openjdk.hotspot.jre.full.win32.x86_64_17.0.2.v20220201-1208\jre\bin\msvcp140.dll
0x00007ffe9a6e0000 - 0x00007ffe9b327000 	C:\Users\andri\Desktop\eclipse\plugins\org.eclipse.justj.openjdk.hotspot.jre.full.win32.x86_64_17.0.2.v20220201-1208\jre\bin\server\jvm.dll
0x00007fff661a0000 - 0x00007fff66243000 	C:\Windows\System32\ADVAPI32.dll
0x00007fff66eb0000 - 0x00007fff66f47000 	C:\Windows\System32\sechost.dll
0x00007fff66ea0000 - 0x00007fff66ea8000 	C:\Windows\System32\PSAPI.DLL
0x00007fff44850000 - 0x00007fff44859000 	C:\Windows\SYSTEM32\WSOCK32.dll
0x00007fff60fe0000 - 0x00007fff61004000 	C:\Windows\SYSTEM32\WINMM.dll
0x00007fff66b60000 - 0x00007fff66bcf000 	C:\Windows\System32\WS2_32.dll
0x00007fff5ed70000 - 0x00007fff5ed7a000 	C:\Windows\SYSTEM32\VERSION.dll
0x00007fff60fb0000 - 0x00007fff60fdd000 	C:\Windows\SYSTEM32\WINMMBASE.dll
0x00007fff65f40000 - 0x00007fff65f8a000 	C:\Windows\System32\cfgmgr32.dll
0x00007fff64dc0000 - 0x00007fff64dd1000 	C:\Windows\System32\kernel.appcore.dll
0x00007fff48a70000 - 0x00007fff48a7a000 	C:\Users\andri\Desktop\eclipse\plugins\org.eclipse.justj.openjdk.hotspot.jre.full.win32.x86_64_17.0.2.v20220201-1208\jre\bin\jimage.dll
0x00007fff62ef0000 - 0x00007fff630e4000 	C:\Windows\SYSTEM32\DBGHELP.DLL
0x00007fff55a00000 - 0x00007fff55a2a000 	C:\Windows\SYSTEM32\dbgcore.DLL
0x00007fff38aa0000 - 0x00007fff38ac5000 	C:\Users\andri\Desktop\eclipse\plugins\org.eclipse.justj.openjdk.hotspot.jre.full.win32.x86_64_17.0.2.v20220201-1208\jre\bin\java.dll

dbghelp: loaded successfully - version: 4.0.5 - missing functions: none
symbol engine: initialized successfully - sym options: 0x614 - pdb path: .;C:\Users\andri\Desktop\eclipse\plugins\org.eclipse.justj.openjdk.hotspot.jre.full.win32.x86_64_17.0.2.v20220201-1208\jre\bin;C:\Windows\SYSTEM32;C:\Program Files\Avast Software\Avast;C:\Windows\WinSxS\amd64_microsoft.windows.common-controls_6595b64144ccf1df_6.0.18362.1256_none_9e7e379be45e40e2;C:\Users\andri\Desktop\eclipse\plugins\org.eclipse.justj.openjdk.hotspot.jre.full.win32.x86_64_17.0.2.v20220201-1208\jre\bin\server

VM Arguments:
jvm_args: -Dfile.encoding=Cp1252 -XX:+ShowCodeDetailsInExceptionMessages 
java_command: Tutorial.Gestures
java_class_path (initial): C:\Users\andri\eclipse-workspace10\AppiumCourse\target\classes;C:\Users\andri\.m2\repository\io\appium\java-client\8.1.1\java-client-8.1.1.jar;C:\Users\andri\.m2\repository\org\seleniumhq\selenium\selenium-api\4.3.0\selenium-api-4.3.0.jar;C:\Users\andri\.m2\repository\org\seleniumhq\selenium\selenium-remote-driver\4.3.0\selenium-remote-driver-4.3.0.jar;C:\Users\andri\.m2\repository\com\beust\jcommander\1.82\jcommander-1.82.jar;C:\Users\andri\.m2\repository\com\google\auto\service\auto-service-annotations\1.0.1\auto-service-annotations-1.0.1.jar;C:\Users\andri\.m2\repository\com\google\auto\service\auto-service\1.0.1\auto-service-1.0.1.jar;C:\Users\andri\.m2\repository\com\google\auto\auto-common\1.2\auto-common-1.2.jar;C:\Users\andri\.m2\repository\com\google\guava\guava\31.1-jre\guava-31.1-jre.jar;C:\Users\andri\.m2\repository\com\google\guava\failureaccess\1.0.1\failureaccess-1.0.1.jar;C:\Users\andri\.m2\repository\com\google\guava\listenablefuture\9999.0-empty-to-avoid-conflict-with-guava\listenablefuture-9999.0-empty-to-avoid-conflict-with-guava.jar;C:\Users\andri\.m2\repository\com\google\code\findbugs\jsr305\3.0.2\jsr305-3.0.2.jar;C:\Users\andri\.m2\repository\org\checkerframework\checker-qual\3.12.0\checker-qual-3.12.0.jar;C:\Users\andri\.m2\repository\com\google\errorprone\error_prone_annotations\2.11.0\error_prone_annotations-2.11.0.jar;C:\Users\andri\.m2\repository\com\google\j2objc\j2objc-annotations\1.3\j2objc-annotations-1.3.jar;C:\Users\andri\.m2\repository\io\netty\netty-buffer\4.1.78.Final\netty-buffer-4.1.78.Final.jar;C:\Users\andri\.m2\repository\io\netty\netty-codec-http\4.1.78.Final\netty-codec-http-4.1.78.Final.jar;C:\Users\andri\.m2\repository\io\netty\netty-codec\4.1.78.Final\netty-codec-4.1.78.Final.jar;C:\Users\andri\.m2\repository\io\netty\netty-handler\4.1.78.Final\netty-handler-4.1.78.Final.jar;C:\Users\andri\.m2\repository\io\netty\netty-common\4.1.78.Final\netty-common-4.1.78.Final.jar;C:\Users\andri\.m2\rep
Launcher Type: SUN_STANDARD

[Global flags]
     intx CICompilerCount                          = 4                                         {product} {ergonomic}
     uint ConcGCThreads                            = 2                                         {product} {ergonomic}
     uint G1ConcRefinementThreads                  = 8                                         {product} {ergonomic}
   size_t G1HeapRegionSize                         = 2097152                                   {product} {ergonomic}
    uintx GCDrainStackTargetSize                   = 64                                        {product} {ergonomic}
   size_t InitialHeapSize                          = 266338304                                 {product} {ergonomic}
   size_t MarkStackSize                            = 4194304                                   {product} {ergonomic}
   size_t MaxHeapSize                              = 4229955584                                {product} {ergonomic}
   size_t MinHeapDeltaBytes                        = 2097152                                   {product} {ergonomic}
   size_t MinHeapSize                              = 8388608                                   {product} {ergonomic}
    uintx NonNMethodCodeHeapSize                   = 5839372                                {pd product} {ergonomic}
    uintx NonProfiledCodeHeapSize                  = 122909434                              {pd product} {ergonomic}
    uintx ProfiledCodeHeapSize                     = 122909434                              {pd product} {ergonomic}
    uintx ReservedCodeCacheSize                    = 251658240                              {pd product} {ergonomic}
     bool SegmentedCodeCache                       = true                                      {product} {ergonomic}
     bool ShowCodeDetailsInExceptionMessages       = true                                   {manageable} {command line}
   size_t SoftMaxHeapSize                          = 4229955584                             {manageable} {ergonomic}
     bool UseCompressedClassPointers               = true                           {product lp64_product} {ergonomic}
     bool UseCompressedOops                        = true                           {product lp64_product} {ergonomic}
     bool UseG1GC                                  = true                                      {product} {ergonomic}
     bool UseLargePagesIndividualAllocation        = false                                  {pd product} {ergonomic}

Logging:
Log output configuration:
 #0: stdout all=warning uptime,level,tags
 #1: stderr all=off uptime,level,tags

Environment Variables:
JAVA_HOME=C:\Program Files\OpenJDK\jre-8.0.262.10-hotspot
PATH=C:/Users/andri/Desktop/eclipse//plugins/org.eclipse.justj.openjdk.hotspot.jre.full.win32.x86_64_17.0.2.v20220201-1208/jre/bin/server;C:/Users/andri/Desktop/eclipse//plugins/org.eclipse.justj.openjdk.hotspot.jre.full.win32.x86_64_17.0.2.v20220201-1208/jre/bin;C:\Program Files\nodejs;C:\Users\andri\AppData\Local\Android\Sdk\emulator;C:\Program Files\OpenJDK\jre-8.0.262.10-hotspot\bin;C:\Program Files\Common Files\Oracle\Java\javapath;C:\Program Files\Git\cmd\;C:\Program Files\Git\bin\;C:\Program Files\ffmpeg;C:\Windows\system32;C:\Windows;C:\Windows\System32\Wbem;"C:\Android\tools;C:\Android\platform-tools";C:\Program Files\Android\Android Studio;C:\ProgramData\chocolatey\choco.exe;C:\ProgramData\chocolatey\bin;C:\Users\andri\AppData\Local\Android\Sdk\tools\bin;C:\Users\andri\AppData\Local\Android\Sdk\tools;C:\Users\andri\AppData\Local\Android\Sdk\platform-tools;C:\Users\andri\AppData\Local\Android\Sdk\tools\lib\x86_64\swt.jar;C:\Program Files\nodejs;C:\Users\andri\AppData\Local\Android\Sdk\emulator;C:\Program Files\OpenJDK\jre-8.0.262.10-hotspot\bin;C:\Program Files\Common Files\Oracle\Java\javapath;C:\Program Files\Git\cmd\;C:\Program Files\Git\bin\;C:\Program Files\ffmpeg;C:\Windows\system32;C:\Windows;C:\Windows\System32\Wbem;"C:\Android\tools;C:\Android\platform-tools";C:\Program Files\Android\Android Studio;C:\ProgramData\chocolatey\choco.exe;C:\ProgramData\chocolatey\bin;C:\Users\andri\AppData\Local\Android\Sdk\tools\bin;C:\Users\andri\AppData\Local\Android\Sdk\tools;C:\Users\andri\AppData\Local\Android\Sdk\platform-tools;C:\Users\andri\AppData\Local\Android\Sdk\tools\lib\x86_64\swt.jar;;C:\Program Files\nodejs;C:\Users\andri\AppData\Local\Programs\Microsoft VS Code\bin;;C:\Users\andri\Desktop\eclipse;
USERNAME=andri
OS=Windows_NT
PROCESSOR_IDENTIFIER=Intel64 Family 6 Model 142 Stepping 12, GenuineIntel



---------------  S Y S T E M  ---------------

OS:
 Windows 10 , 64 bit Build 18362 (10.0.18362.1110)
OS uptime: 0 days 2:21 hours

CPU: total 8 (initial active 8) (4 cores per cpu, 2 threads per core) family 6 model 142 stepping 12 microcode 0xde, cx8, cmov, fxsr, ht, mmx, 3dnowpref, sse, sse2, sse3, ssse3, sse4.1, sse4.2, popcnt, lzcnt, tsc, tscinvbit, avx, avx2, aes, erms, clmul, bmi1, bmi2, adx, fma, vzeroupper, clflush, clflushopt

Memory: 4k page, system-wide physical 16131M (1853M free)
TotalPageFile size 20227M (AvailPageFile size 141M)
current process WorkingSet (physical memory assigned to process): 10M, peak: 10M
current process commit charge ("private bytes"): 60M, peak: 314M

vm_info: OpenJDK 64-Bit Server VM (17.0.2+8) for windows-amd64 JRE (17.0.2+8), built on Jan 20 2022 04:52:34 by "" with MS VC++ 16.7 (VS2019)

END.
