#
# There is insufficient memory for the Java Runtime Environment to continue.
# Native memory allocation (mmap) failed to map 65536 bytes for Failed to commit metaspace.
# Possible reasons:
#   The system is out of physical RAM or swap space
#   The process is running with CompressedOops enabled, and the Java Heap may be blocking the growth of the native heap
# Possible solutions:
#   Reduce memory load on the system
#   Increase physical memory or swap space
#   Check if swap backing store is full
#   Decrease Java heap size (-Xmx/-Xms)
#   Decrease number of Java threads
#   Decrease Java thread stack sizes (-Xss)
#   Set larger code cache with -XX:ReservedCodeCacheSize=
#   JVM is running with Zero Based Compressed Oops mode in which the Java heap is
#     placed in the first 32GB address space. The Java Heap base address is the
#     maximum limit for the native heap growth. Please use -XX:HeapBaseMinAddress
#     to set the Java Heap base and to place the Java Heap above 32GB virtual address.
# This output file may be truncated or incomplete.
#
#  Out of Memory Error (virtualSpaceNode.cpp:110), pid=4352, tid=20904
#
# JRE version: OpenJDK Runtime Environment Temurin-17.0.2+8 (17.0.2+8) (build 17.0.2+8)
# Java VM: OpenJDK 64-Bit Server VM Temurin-17.0.2+8 (17.0.2+8, mixed mode, tiered, compressed oops, compressed class ptrs, g1 gc, windows-amd64)
# No core dump will be written. Minidumps are not enabled by default on client versions of Windows
#

---------------  S U M M A R Y ------------

Command Line: -Dfile.encoding=Cp1252 -XX:+ShowCodeDetailsInExceptionMessages Tutorial.Gestures

Host: Intel(R) Core(TM) i5-8265U CPU @ 1.60GHz, 8 cores, 15G,  Windows 10 , 64 bit Build 18362 (10.0.18362.1110)
Time: Mon Jul 25 16:57:33 2022 Central Europe Daylight Time elapsed time: 0.274820 seconds (0d 0h 0m 0s)

---------------  T H R E A D  ---------------

Current thread (0x000002cec5cc7890):  JavaThread "main" [_thread_in_vm, id=20904, stack(0x000000ed63700000,0x000000ed63800000)]

Stack: [0x000000ed63700000,0x000000ed63800000]
Native frames: (J=compiled Java code, j=interpreted, Vv=VM code, C=native code)
V  [jvm.dll+0x67564a]
V  [jvm.dll+0x82fc04]
V  [jvm.dll+0x8313ae]
V  [jvm.dll+0x831a13]
V  [jvm.dll+0x245235]
V  [jvm.dll+0x82bbab]
V  [jvm.dll+0x61a336]
V  [jvm.dll+0x1c016e]
V  [jvm.dll+0x61cc81]
V  [jvm.dll+0x61acd6]
V  [jvm.dll+0x23aba6]
V  [jvm.dll+0x1ea88d]
V  [jvm.dll+0x1e02c1]
V  [jvm.dll+0x53b6e0]
V  [jvm.dll+0x7aad88]
V  [jvm.dll+0x7aae74]
V  [jvm.dll+0x40c2f5]
V  [jvm.dll+0x4124e8]
C  [java.dll+0x17ec]

Java frames: (J=compiled Java code, j=interpreted, Vv=VM code)
j  java.lang.ClassLoader.defineClass1(Ljava/lang/ClassLoader;Ljava/lang/String;[BIILjava/security/ProtectionDomain;Ljava/lang/String;)Ljava/lang/Class;+0 java.base@17.0.2
j  java.lang.ClassLoader.defineClass(Ljava/lang/String;[BIILjava/security/ProtectionDomain;)Ljava/lang/Class;+27 java.base@17.0.2
j  java.security.SecureClassLoader.defineClass(Ljava/lang/String;[BIILjava/security/CodeSource;)Ljava/lang/Class;+12 java.base@17.0.2
j  jdk.internal.loader.BuiltinClassLoader.defineClass(Ljava/lang/String;Ljdk/internal/loader/Resource;)Ljava/lang/Class;+117 java.base@17.0.2
j  jdk.internal.loader.BuiltinClassLoader.findClassOnClassPathOrNull(Ljava/lang/String;)Ljava/lang/Class;+37 java.base@17.0.2
j  jdk.internal.loader.BuiltinClassLoader.loadClassOrNull(Ljava/lang/String;Z)Ljava/lang/Class;+111 java.base@17.0.2
j  jdk.internal.loader.BuiltinClassLoader.loadClass(Ljava/lang/String;Z)Ljava/lang/Class;+3 java.base@17.0.2
j  jdk.internal.loader.ClassLoaders$AppClassLoader.loadClass(Ljava/lang/String;Z)Ljava/lang/Class;+36 java.base@17.0.2
j  java.lang.ClassLoader.loadClass(Ljava/lang/String;)Ljava/lang/Class;+3 java.base@17.0.2
v  ~StubRoutines::call_stub
j  java.lang.Class.forName0(Ljava/lang/String;ZLjava/lang/ClassLoader;Ljava/lang/Class;)Ljava/lang/Class;+0 java.base@17.0.2
j  java.lang.Class.forName(Ljava/lang/String;ZLjava/lang/ClassLoader;)Ljava/lang/Class;+43 java.base@17.0.2
j  sun.launcher.LauncherHelper.loadMainClass(ILjava/lang/String;)Ljava/lang/Class;+95 java.base@17.0.2
j  sun.launcher.LauncherHelper.checkAndLoadMain(ZILjava/lang/String;)Ljava/lang/Class;+42 java.base@17.0.2
v  ~StubRoutines::call_stub

---------------  P R O C E S S  ---------------

Threads class SMR info:
_java_thread_list=0x000002cee5253f10, length=12, elements={
0x000002cec5cc7890, 0x000002cee5048520, 0x000002cee50494a0, 0x000002cee508fa30,
0x000002cee5090000, 0x000002cee50915d0, 0x000002cee5091b90, 0x000002cee50cf550,
0x000002cee50d0b20, 0x000002cee50d3040, 0x000002cee5223ef0, 0x000002cee52540c0
}

Java Threads: ( => current thread )
=>0x000002cec5cc7890 JavaThread "main" [_thread_in_vm, id=20904, stack(0x000000ed63700000,0x000000ed63800000)]
  0x000002cee5048520 JavaThread "Reference Handler" daemon [_thread_blocked, id=21604, stack(0x000000ed63e00000,0x000000ed63f00000)]
  0x000002cee50494a0 JavaThread "Finalizer" daemon [_thread_blocked, id=14044, stack(0x000000ed63f00000,0x000000ed64000000)]
  0x000002cee508fa30 JavaThread "Signal Dispatcher" daemon [_thread_blocked, id=2092, stack(0x000000ed64000000,0x000000ed64100000)]
  0x000002cee5090000 JavaThread "Attach Listener" daemon [_thread_blocked, id=17172, stack(0x000000ed64100000,0x000000ed64200000)]
  0x000002cee50915d0 JavaThread "Service Thread" daemon [_thread_blocked, id=16752, stack(0x000000ed64200000,0x000000ed64300000)]
  0x000002cee5091b90 JavaThread "Monitor Deflation Thread" daemon [_thread_blocked, id=14988, stack(0x000000ed64300000,0x000000ed64400000)]
  0x000002cee50cf550 JavaThread "C2 CompilerThread0" daemon [_thread_blocked, id=21920, stack(0x000000ed64400000,0x000000ed64500000)]
  0x000002cee50d0b20 JavaThread "C1 CompilerThread0" daemon [_thread_blocked, id=22304, stack(0x000000ed64500000,0x000000ed64600000)]
  0x000002cee50d3040 JavaThread "Sweeper thread" daemon [_thread_blocked, id=19920, stack(0x000000ed64600000,0x000000ed64700000)]
  0x000002cee5223ef0 JavaThread "Notification Thread" daemon [_thread_blocked, id=20940, stack(0x000000ed64700000,0x000000ed64800000)]
  0x000002cee52540c0 JavaThread "Common-Cleaner" daemon [_thread_blocked, id=2824, stack(0x000000ed64900000,0x000000ed64a00000)]

Other Threads:
  0x000002cee5062c30 VMThread "VM Thread" [stack: 0x000000ed63d00000,0x000000ed63e00000] [id=14464]
  0x000002cec5d73fc0 WatcherThread [stack: 0x000000ed64800000,0x000000ed64900000] [id=20216]
  0x000002cec5d17090 GCTaskThread "GC Thread#0" [stack: 0x000000ed63800000,0x000000ed63900000] [id=2960]
  0x000002cec5d29460 ConcurrentGCThread "G1 Main Marker" [stack: 0x000000ed63900000,0x000000ed63a00000] [id=10352]
  0x000002cec5d29e70 ConcurrentGCThread "G1 Conc#0" [stack: 0x000000ed63a00000,0x000000ed63b00000] [id=11160]
  0x000002cee45bbb40 ConcurrentGCThread "G1 Refine#0" [stack: 0x000000ed63b00000,0x000000ed63c00000] [id=5900]
  0x000002cee45be180 ConcurrentGCThread "G1 Service" [stack: 0x000000ed63c00000,0x000000ed63d00000] [id=10772]

Threads with active compile tasks:

VM state: not at safepoint (normal execution)

VM Mutex/Monitor currently owned by a thread:  ([mutex/lock_event])
[0x000002cec5cc0cf0] Metaspace_lock - owner thread: 0x000002cec5cc7890

Heap address: 0x0000000703e00000, size: 4034 MB, Compressed Oops mode: Zero based, Oop shift amount: 3

CDS archive(s) not mapped
Compressed class space mapped at: 0x0000000800000000-0x0000000840000000, reserved size: 1073741824
Narrow klass base: 0x0000000800000000, Narrow klass shift: 0, Narrow klass range: 0x40000000

GC Precious Log:
 CPUs: 8 total, 8 available
 Memory: 16131M
 Large Page Support: Disabled
 NUMA Support: Disabled
 Compressed Oops: Enabled (Zero based)
 Heap Region Size: 2M
 Heap Min Capacity: 8M
 Heap Initial Capacity: 254M
 Heap Max Capacity: 4034M
 Pre-touch: Disabled
 Parallel Workers: 8
 Concurrent Workers: 2
 Concurrent Refinement Workers: 8
 Periodic GC: Disabled

Heap:
 garbage-first heap   total 260096K, used 0K [0x0000000703e00000, 0x0000000800000000)
  region size 2048K, 1 young (2048K), 0 survivors (0K)
 Metaspace       used 3747K, committed 3776K, reserved 1056768K
  class space    used 301K, committed 320K, reserved 1048576K

Heap Regions: E=young(eden), S=young(survivor), O=old, HS=humongous(starts), HC=humongous(continues), CS=collection set, F=free, OA=open archive, CA=closed archive, TAMS=top-at-mark-start (previous, next)
|   0|0x0000000703e00000, 0x0000000703e00000, 0x0000000704000000|  0%| F|  |TAMS 0x0000000703e00000, 0x0000000703e00000| Untracked 
|   1|0x0000000704000000, 0x0000000704000000, 0x0000000704200000|  0%| F|  |TAMS 0x0000000704000000, 0x0000000704000000| Untracked 
|   2|0x0000000704200000, 0x0000000704200000, 0x0000000704400000|  0%| F|  |TAMS 0x0000000704200000, 0x0000000704200000| Untracked 
|   3|0x0000000704400000, 0x0000000704400000, 0x0000000704600000|  0%| F|  |TAMS 0x0000000704400000, 0x0000000704400000| Untracked 
|   4|0x0000000704600000, 0x0000000704600000, 0x0000000704800000|  0%| F|  |TAMS 0x0000000704600000, 0x0000000704600000| Untracked 
|   5|0x0000000704800000, 0x0000000704800000, 0x0000000704a00000|  0%| F|  |TAMS 0x0000000704800000, 0x0000000704800000| Untracked 
|   6|0x0000000704a00000, 0x0000000704a00000, 0x0000000704c00000|  0%| F|  |TAMS 0x0000000704a00000, 0x0000000704a00000| Untracked 
|   7|0x0000000704c00000, 0x0000000704c00000, 0x0000000704e00000|  0%| F|  |TAMS 0x0000000704c00000, 0x0000000704c00000| Untracked 
|   8|0x0000000704e00000, 0x0000000704e00000, 0x0000000705000000|  0%| F|  |TAMS 0x0000000704e00000, 0x0000000704e00000| Untracked 
|   9|0x0000000705000000, 0x0000000705000000, 0x0000000705200000|  0%| F|  |TAMS 0x0000000705000000, 0x0000000705000000| Untracked 
|  10|0x0000000705200000, 0x0000000705200000, 0x0000000705400000|  0%| F|  |TAMS 0x0000000705200000, 0x0000000705200000| Untracked 
|  11|0x0000000705400000, 0x0000000705400000, 0x0000000705600000|  0%| F|  |TAMS 0x0000000705400000, 0x0000000705400000| Untracked 
|  12|0x0000000705600000, 0x0000000705600000, 0x0000000705800000|  0%| F|  |TAMS 0x0000000705600000, 0x0000000705600000| Untracked 
|  13|0x0000000705800000, 0x0000000705800000, 0x0000000705a00000|  0%| F|  |TAMS 0x0000000705800000, 0x0000000705800000| Untracked 
|  14|0x0000000705a00000, 0x0000000705a00000, 0x0000000705c00000|  0%| F|  |TAMS 0x0000000705a00000, 0x0000000705a00000| Untracked 
|  15|0x0000000705c00000, 0x0000000705c00000, 0x0000000705e00000|  0%| F|  |TAMS 0x0000000705c00000, 0x0000000705c00000| Untracked 
|  16|0x0000000705e00000, 0x0000000705e00000, 0x0000000706000000|  0%| F|  |TAMS 0x0000000705e00000, 0x0000000705e00000| Untracked 
|  17|0x0000000706000000, 0x0000000706000000, 0x0000000706200000|  0%| F|  |TAMS 0x0000000706000000, 0x0000000706000000| Untracked 
|  18|0x0000000706200000, 0x0000000706200000, 0x0000000706400000|  0%| F|  |TAMS 0x0000000706200000, 0x0000000706200000| Untracked 
|  19|0x0000000706400000, 0x0000000706400000, 0x0000000706600000|  0%| F|  |TAMS 0x0000000706400000, 0x0000000706400000| Untracked 
|  20|0x0000000706600000, 0x0000000706600000, 0x0000000706800000|  0%| F|  |TAMS 0x0000000706600000, 0x0000000706600000| Untracked 
|  21|0x0000000706800000, 0x0000000706800000, 0x0000000706a00000|  0%| F|  |TAMS 0x0000000706800000, 0x0000000706800000| Untracked 
|  22|0x0000000706a00000, 0x0000000706a00000, 0x0000000706c00000|  0%| F|  |TAMS 0x0000000706a00000, 0x0000000706a00000| Untracked 
|  23|0x0000000706c00000, 0x0000000706c00000, 0x0000000706e00000|  0%| F|  |TAMS 0x0000000706c00000, 0x0000000706c00000| Untracked 
|  24|0x0000000706e00000, 0x0000000706e00000, 0x0000000707000000|  0%| F|  |TAMS 0x0000000706e00000, 0x0000000706e00000| Untracked 
|  25|0x0000000707000000, 0x0000000707000000, 0x0000000707200000|  0%| F|  |TAMS 0x0000000707000000, 0x0000000707000000| Untracked 
|  26|0x0000000707200000, 0x0000000707200000, 0x0000000707400000|  0%| F|  |TAMS 0x0000000707200000, 0x0000000707200000| Untracked 
|  27|0x0000000707400000, 0x0000000707400000, 0x0000000707600000|  0%| F|  |TAMS 0x0000000707400000, 0x0000000707400000| Untracked 
|  28|0x0000000707600000, 0x0000000707600000, 0x0000000707800000|  0%| F|  |TAMS 0x0000000707600000, 0x0000000707600000| Untracked 
|  29|0x0000000707800000, 0x0000000707800000, 0x0000000707a00000|  0%| F|  |TAMS 0x0000000707800000, 0x0000000707800000| Untracked 
|  30|0x0000000707a00000, 0x0000000707a00000, 0x0000000707c00000|  0%| F|  |TAMS 0x0000000707a00000, 0x0000000707a00000| Untracked 
|  31|0x0000000707c00000, 0x0000000707c00000, 0x0000000707e00000|  0%| F|  |TAMS 0x0000000707c00000, 0x0000000707c00000| Untracked 
|  32|0x0000000707e00000, 0x0000000707e00000, 0x0000000708000000|  0%| F|  |TAMS 0x0000000707e00000, 0x0000000707e00000| Untracked 
|  33|0x0000000708000000, 0x0000000708000000, 0x0000000708200000|  0%| F|  |TAMS 0x0000000708000000, 0x0000000708000000| Untracked 
|  34|0x0000000708200000, 0x0000000708200000, 0x0000000708400000|  0%| F|  |TAMS 0x0000000708200000, 0x0000000708200000| Untracked 
|  35|0x0000000708400000, 0x0000000708400000, 0x0000000708600000|  0%| F|  |TAMS 0x0000000708400000, 0x0000000708400000| Untracked 
|  36|0x0000000708600000, 0x0000000708600000, 0x0000000708800000|  0%| F|  |TAMS 0x0000000708600000, 0x0000000708600000| Untracked 
|  37|0x0000000708800000, 0x0000000708800000, 0x0000000708a00000|  0%| F|  |TAMS 0x0000000708800000, 0x0000000708800000| Untracked 
|  38|0x0000000708a00000, 0x0000000708a00000, 0x0000000708c00000|  0%| F|  |TAMS 0x0000000708a00000, 0x0000000708a00000| Untracked 
|  39|0x0000000708c00000, 0x0000000708c00000, 0x0000000708e00000|  0%| F|  |TAMS 0x0000000708c00000, 0x0000000708c00000| Untracked 
|  40|0x0000000708e00000, 0x0000000708e00000, 0x0000000709000000|  0%| F|  |TAMS 0x0000000708e00000, 0x0000000708e00000| Untracked 
|  41|0x0000000709000000, 0x0000000709000000, 0x0000000709200000|  0%| F|  |TAMS 0x0000000709000000, 0x0000000709000000| Untracked 
|  42|0x0000000709200000, 0x0000000709200000, 0x0000000709400000|  0%| F|  |TAMS 0x0000000709200000, 0x0000000709200000| Untracked 
|  43|0x0000000709400000, 0x0000000709400000, 0x0000000709600000|  0%| F|  |TAMS 0x0000000709400000, 0x0000000709400000| Untracked 
|  44|0x0000000709600000, 0x0000000709600000, 0x0000000709800000|  0%| F|  |TAMS 0x0000000709600000, 0x0000000709600000| Untracked 
|  45|0x0000000709800000, 0x0000000709800000, 0x0000000709a00000|  0%| F|  |TAMS 0x0000000709800000, 0x0000000709800000| Untracked 
|  46|0x0000000709a00000, 0x0000000709a00000, 0x0000000709c00000|  0%| F|  |TAMS 0x0000000709a00000, 0x0000000709a00000| Untracked 
|  47|0x0000000709c00000, 0x0000000709c00000, 0x0000000709e00000|  0%| F|  |TAMS 0x0000000709c00000, 0x0000000709c00000| Untracked 
|  48|0x0000000709e00000, 0x0000000709e00000, 0x000000070a000000|  0%| F|  |TAMS 0x0000000709e00000, 0x0000000709e00000| Untracked 
|  49|0x000000070a000000, 0x000000070a000000, 0x000000070a200000|  0%| F|  |TAMS 0x000000070a000000, 0x000000070a000000| Untracked 
|  50|0x000000070a200000, 0x000000070a200000, 0x000000070a400000|  0%| F|  |TAMS 0x000000070a200000, 0x000000070a200000| Untracked 
|  51|0x000000070a400000, 0x000000070a400000, 0x000000070a600000|  0%| F|  |TAMS 0x000000070a400000, 0x000000070a400000| Untracked 
|  52|0x000000070a600000, 0x000000070a600000, 0x000000070a800000|  0%| F|  |TAMS 0x000000070a600000, 0x000000070a600000| Untracked 
|  53|0x000000070a800000, 0x000000070a800000, 0x000000070aa00000|  0%| F|  |TAMS 0x000000070a800000, 0x000000070a800000| Untracked 
|  54|0x000000070aa00000, 0x000000070aa00000, 0x000000070ac00000|  0%| F|  |TAMS 0x000000070aa00000, 0x000000070aa00000| Untracked 
|  55|0x000000070ac00000, 0x000000070ac00000, 0x000000070ae00000|  0%| F|  |TAMS 0x000000070ac00000, 0x000000070ac00000| Untracked 
|  56|0x000000070ae00000, 0x000000070ae00000, 0x000000070b000000|  0%| F|  |TAMS 0x000000070ae00000, 0x000000070ae00000| Untracked 
|  57|0x000000070b000000, 0x000000070b000000, 0x000000070b200000|  0%| F|  |TAMS 0x000000070b000000, 0x000000070b000000| Untracked 
|  58|0x000000070b200000, 0x000000070b200000, 0x000000070b400000|  0%| F|  |TAMS 0x000000070b200000, 0x000000070b200000| Untracked 
|  59|0x000000070b400000, 0x000000070b400000, 0x000000070b600000|  0%| F|  |TAMS 0x000000070b400000, 0x000000070b400000| Untracked 
|  60|0x000000070b600000, 0x000000070b600000, 0x000000070b800000|  0%| F|  |TAMS 0x000000070b600000, 0x000000070b600000| Untracked 
|  61|0x000000070b800000, 0x000000070b800000, 0x000000070ba00000|  0%| F|  |TAMS 0x000000070b800000, 0x000000070b800000| Untracked 
|  62|0x000000070ba00000, 0x000000070ba00000, 0x000000070bc00000|  0%| F|  |TAMS 0x000000070ba00000, 0x000000070ba00000| Untracked 
|  63|0x000000070bc00000, 0x000000070bc00000, 0x000000070be00000|  0%| F|  |TAMS 0x000000070bc00000, 0x000000070bc00000| Untracked 
|  64|0x000000070be00000, 0x000000070be00000, 0x000000070c000000|  0%| F|  |TAMS 0x000000070be00000, 0x000000070be00000| Untracked 
|  65|0x000000070c000000, 0x000000070c000000, 0x000000070c200000|  0%| F|  |TAMS 0x000000070c000000, 0x000000070c000000| Untracked 
|  66|0x000000070c200000, 0x000000070c200000, 0x000000070c400000|  0%| F|  |TAMS 0x000000070c200000, 0x000000070c200000| Untracked 
|  67|0x000000070c400000, 0x000000070c400000, 0x000000070c600000|  0%| F|  |TAMS 0x000000070c400000, 0x000000070c400000| Untracked 
|  68|0x000000070c600000, 0x000000070c600000, 0x000000070c800000|  0%| F|  |TAMS 0x000000070c600000, 0x000000070c600000| Untracked 
|  69|0x000000070c800000, 0x000000070c800000, 0x000000070ca00000|  0%| F|  |TAMS 0x000000070c800000, 0x000000070c800000| Untracked 
|  70|0x000000070ca00000, 0x000000070ca00000, 0x000000070cc00000|  0%| F|  |TAMS 0x000000070ca00000, 0x000000070ca00000| Untracked 
|  71|0x000000070cc00000, 0x000000070cc00000, 0x000000070ce00000|  0%| F|  |TAMS 0x000000070cc00000, 0x000000070cc00000| Untracked 
|  72|0x000000070ce00000, 0x000000070ce00000, 0x000000070d000000|  0%| F|  |TAMS 0x000000070ce00000, 0x000000070ce00000| Untracked 
|  73|0x000000070d000000, 0x000000070d000000, 0x000000070d200000|  0%| F|  |TAMS 0x000000070d000000, 0x000000070d000000| Untracked 
|  74|0x000000070d200000, 0x000000070d200000, 0x000000070d400000|  0%| F|  |TAMS 0x000000070d200000, 0x000000070d200000| Untracked 
|  75|0x000000070d400000, 0x000000070d400000, 0x000000070d600000|  0%| F|  |TAMS 0x000000070d400000, 0x000000070d400000| Untracked 
|  76|0x000000070d600000, 0x000000070d600000, 0x000000070d800000|  0%| F|  |TAMS 0x000000070d600000, 0x000000070d600000| Untracked 
|  77|0x000000070d800000, 0x000000070d800000, 0x000000070da00000|  0%| F|  |TAMS 0x000000070d800000, 0x000000070d800000| Untracked 
|  78|0x000000070da00000, 0x000000070da00000, 0x000000070dc00000|  0%| F|  |TAMS 0x000000070da00000, 0x000000070da00000| Untracked 
|  79|0x000000070dc00000, 0x000000070dc00000, 0x000000070de00000|  0%| F|  |TAMS 0x000000070dc00000, 0x000000070dc00000| Untracked 
|  80|0x000000070de00000, 0x000000070de00000, 0x000000070e000000|  0%| F|  |TAMS 0x000000070de00000, 0x000000070de00000| Untracked 
|  81|0x000000070e000000, 0x000000070e000000, 0x000000070e200000|  0%| F|  |TAMS 0x000000070e000000, 0x000000070e000000| Untracked 
|  82|0x000000070e200000, 0x000000070e200000, 0x000000070e400000|  0%| F|  |TAMS 0x000000070e200000, 0x000000070e200000| Untracked 
|  83|0x000000070e400000, 0x000000070e400000, 0x000000070e600000|  0%| F|  |TAMS 0x000000070e400000, 0x000000070e400000| Untracked 
|  84|0x000000070e600000, 0x000000070e600000, 0x000000070e800000|  0%| F|  |TAMS 0x000000070e600000, 0x000000070e600000| Untracked 
|  85|0x000000070e800000, 0x000000070e800000, 0x000000070ea00000|  0%| F|  |TAMS 0x000000070e800000, 0x000000070e800000| Untracked 
|  86|0x000000070ea00000, 0x000000070ea00000, 0x000000070ec00000|  0%| F|  |TAMS 0x000000070ea00000, 0x000000070ea00000| Untracked 
|  87|0x000000070ec00000, 0x000000070ec00000, 0x000000070ee00000|  0%| F|  |TAMS 0x000000070ec00000, 0x000000070ec00000| Untracked 
|  88|0x000000070ee00000, 0x000000070ee00000, 0x000000070f000000|  0%| F|  |TAMS 0x000000070ee00000, 0x000000070ee00000| Untracked 
|  89|0x000000070f000000, 0x000000070f000000, 0x000000070f200000|  0%| F|  |TAMS 0x000000070f000000, 0x000000070f000000| Untracked 
|  90|0x000000070f200000, 0x000000070f200000, 0x000000070f400000|  0%| F|  |TAMS 0x000000070f200000, 0x000000070f200000| Untracked 
|  91|0x000000070f400000, 0x000000070f400000, 0x000000070f600000|  0%| F|  |TAMS 0x000000070f400000, 0x000000070f400000| Untracked 
|  92|0x000000070f600000, 0x000000070f600000, 0x000000070f800000|  0%| F|  |TAMS 0x000000070f600000, 0x000000070f600000| Untracked 
|  93|0x000000070f800000, 0x000000070f800000, 0x000000070fa00000|  0%| F|  |TAMS 0x000000070f800000, 0x000000070f800000| Untracked 
|  94|0x000000070fa00000, 0x000000070fa00000, 0x000000070fc00000|  0%| F|  |TAMS 0x000000070fa00000, 0x000000070fa00000| Untracked 
|  95|0x000000070fc00000, 0x000000070fc00000, 0x000000070fe00000|  0%| F|  |TAMS 0x000000070fc00000, 0x000000070fc00000| Untracked 
|  96|0x000000070fe00000, 0x000000070fe00000, 0x0000000710000000|  0%| F|  |TAMS 0x000000070fe00000, 0x000000070fe00000| Untracked 
|  97|0x0000000710000000, 0x0000000710000000, 0x0000000710200000|  0%| F|  |TAMS 0x0000000710000000, 0x0000000710000000| Untracked 
|  98|0x0000000710200000, 0x0000000710200000, 0x0000000710400000|  0%| F|  |TAMS 0x0000000710200000, 0x0000000710200000| Untracked 
|  99|0x0000000710400000, 0x0000000710400000, 0x0000000710600000|  0%| F|  |TAMS 0x0000000710400000, 0x0000000710400000| Untracked 
| 100|0x0000000710600000, 0x0000000710600000, 0x0000000710800000|  0%| F|  |TAMS 0x0000000710600000, 0x0000000710600000| Untracked 
| 101|0x0000000710800000, 0x0000000710800000, 0x0000000710a00000|  0%| F|  |TAMS 0x0000000710800000, 0x0000000710800000| Untracked 
| 102|0x0000000710a00000, 0x0000000710a00000, 0x0000000710c00000|  0%| F|  |TAMS 0x0000000710a00000, 0x0000000710a00000| Untracked 
| 103|0x0000000710c00000, 0x0000000710c00000, 0x0000000710e00000|  0%| F|  |TAMS 0x0000000710c00000, 0x0000000710c00000| Untracked 
| 104|0x0000000710e00000, 0x0000000710e00000, 0x0000000711000000|  0%| F|  |TAMS 0x0000000710e00000, 0x0000000710e00000| Untracked 
| 105|0x0000000711000000, 0x0000000711000000, 0x0000000711200000|  0%| F|  |TAMS 0x0000000711000000, 0x0000000711000000| Untracked 
| 106|0x0000000711200000, 0x0000000711200000, 0x0000000711400000|  0%| F|  |TAMS 0x0000000711200000, 0x0000000711200000| Untracked 
| 107|0x0000000711400000, 0x0000000711400000, 0x0000000711600000|  0%| F|  |TAMS 0x0000000711400000, 0x0000000711400000| Untracked 
| 108|0x0000000711600000, 0x0000000711600000, 0x0000000711800000|  0%| F|  |TAMS 0x0000000711600000, 0x0000000711600000| Untracked 
| 109|0x0000000711800000, 0x0000000711800000, 0x0000000711a00000|  0%| F|  |TAMS 0x0000000711800000, 0x0000000711800000| Untracked 
| 110|0x0000000711a00000, 0x0000000711a00000, 0x0000000711c00000|  0%| F|  |TAMS 0x0000000711a00000, 0x0000000711a00000| Untracked 
| 111|0x0000000711c00000, 0x0000000711c00000, 0x0000000711e00000|  0%| F|  |TAMS 0x0000000711c00000, 0x0000000711c00000| Untracked 
| 112|0x0000000711e00000, 0x0000000711e00000, 0x0000000712000000|  0%| F|  |TAMS 0x0000000711e00000, 0x0000000711e00000| Untracked 
| 113|0x0000000712000000, 0x0000000712000000, 0x0000000712200000|  0%| F|  |TAMS 0x0000000712000000, 0x0000000712000000| Untracked 
| 114|0x0000000712200000, 0x0000000712200000, 0x0000000712400000|  0%| F|  |TAMS 0x0000000712200000, 0x0000000712200000| Untracked 
| 115|0x0000000712400000, 0x0000000712400000, 0x0000000712600000|  0%| F|  |TAMS 0x0000000712400000, 0x0000000712400000| Untracked 
| 116|0x0000000712600000, 0x0000000712600000, 0x0000000712800000|  0%| F|  |TAMS 0x0000000712600000, 0x0000000712600000| Untracked 
| 117|0x0000000712800000, 0x0000000712800000, 0x0000000712a00000|  0%| F|  |TAMS 0x0000000712800000, 0x0000000712800000| Untracked 
| 118|0x0000000712a00000, 0x0000000712a00000, 0x0000000712c00000|  0%| F|  |TAMS 0x0000000712a00000, 0x0000000712a00000| Untracked 
| 119|0x0000000712c00000, 0x0000000712c00000, 0x0000000712e00000|  0%| F|  |TAMS 0x0000000712c00000, 0x0000000712c00000| Untracked 
| 120|0x0000000712e00000, 0x0000000712e00000, 0x0000000713000000|  0%| F|  |TAMS 0x0000000712e00000, 0x0000000712e00000| Untracked 
| 121|0x0000000713000000, 0x0000000713000000, 0x0000000713200000|  0%| F|  |TAMS 0x0000000713000000, 0x0000000713000000| Untracked 
| 122|0x0000000713200000, 0x0000000713200000, 0x0000000713400000|  0%| F|  |TAMS 0x0000000713200000, 0x0000000713200000| Untracked 
| 123|0x0000000713400000, 0x0000000713400000, 0x0000000713600000|  0%| F|  |TAMS 0x0000000713400000, 0x0000000713400000| Untracked 
| 124|0x0000000713600000, 0x0000000713600000, 0x0000000713800000|  0%| F|  |TAMS 0x0000000713600000, 0x0000000713600000| Untracked 
| 125|0x0000000713800000, 0x0000000713800000, 0x0000000713a00000|  0%| F|  |TAMS 0x0000000713800000, 0x0000000713800000| Untracked 
| 126|0x0000000713a00000, 0x0000000713bc2c60, 0x0000000713c00000| 88%| E|  |TAMS 0x0000000713a00000, 0x0000000713a00000| Complete 

Card table byte_map: [0x000002ced8e90000,0x000002ced9680000] _byte_map_base: 0x000002ced5671000

Marking Bits (Prev, Next): (CMBitMap*) 0x000002cec5d186b0, (CMBitMap*) 0x000002cec5d186f0
 Prev Bits: [0x000002ced9e70000, 0x000002ceddd78000)
 Next Bits: [0x000002ceddd80000, 0x000002cee1c88000)

Polling page: 0x000002cec3e30000

Metaspace:

Usage:
  Non-class:      3.37 MB used.
      Class:    301.48 KB used.
       Both:      3.66 MB used.

Virtual space:
  Non-class space:        8.00 MB reserved,       3.38 MB ( 42%) committed,  1 nodes.
      Class space:        1.00 GB reserved,     320.00 KB ( <1%) committed,  1 nodes.
             Both:        1.01 GB reserved,       3.69 MB ( <1%) committed. 

Chunk freelists:
   Non-Class:  4.00 MB
       Class:  3.62 MB
        Both:  7.62 MB

MaxMetaspaceSize: unlimited
CompressedClassSpaceSize: 1.00 GB
Initial GC threshold: 21.00 MB
Current GC threshold: 21.00 MB
CDS: off
MetaspaceReclaimPolicy: balanced
 - commit_granule_bytes: 65536.
 - commit_granule_words: 8192.
 - virtual_space_node_default_size: 1048576.
 - enlarge_chunks_in_place: 1.
 - new_chunks_are_fully_committed: 0.
 - uncommit_free_chunks: 1.
 - use_allocation_guard: 0.
 - handle_deallocations: 1.


Internal statistics:

num_allocs_failed_limit: 0.
num_arena_births: 4.
num_arena_deaths: 0.
num_vsnodes_births: 2.
num_vsnodes_deaths: 0.
num_space_committed: 59.
num_space_uncommitted: 0.
num_chunks_returned_to_freelist: 0.
num_chunks_taken_from_freelist: 4.
num_chunk_merges: 0.
num_chunk_splits: 2.
num_chunks_enlarged: 0.
num_purges: 0.
num_inconsistent_stats: 0.

CodeHeap 'non-profiled nmethods': size=120000Kb used=15Kb max_used=15Kb free=119984Kb
 bounds [0x000002ced0e30000, 0x000002ced10a0000, 0x000002ced8360000]
CodeHeap 'profiled nmethods': size=120000Kb used=103Kb max_used=103Kb free=119897Kb
 bounds [0x000002cec9900000, 0x000002cec9b70000, 0x000002ced0e30000]
CodeHeap 'non-nmethods': size=5760Kb used=1032Kb max_used=1042Kb free=4727Kb
 bounds [0x000002cec9360000, 0x000002cec95d0000, 0x000002cec9900000]
 total_blobs=364 nmethods=78 adapters=199
 compilation: enabled
              stopped_count=0, restarted_count=0
 full_count=0

Compilation events (20 events):
Event: 0.259 Thread 0x000002cee50d0b20   70       1       java.lang.module.ModuleDescriptor$Exports::targets (5 bytes)
Event: 0.259 Thread 0x000002cee50d0b20 nmethod 70 0x000002ced0e33610 code [0x000002ced0e337a0, 0x000002ced0e33878]
Event: 0.259 Thread 0x000002cee50d0b20   56       1       java.lang.module.ResolvedModule::reference (5 bytes)
Event: 0.260 Thread 0x000002cee50d0b20 nmethod 56 0x000002ced0e33910 code [0x000002ced0e33aa0, 0x000002ced0e33b78]
Event: 0.260 Thread 0x000002cee50d0b20   71       3       java.util.ImmutableCollections$Set12::iterator (9 bytes)
Event: 0.260 Thread 0x000002cee50d0b20 nmethod 71 0x000002cec9915b90 code [0x000002cec9915d40, 0x000002cec9916038]
Event: 0.260 Thread 0x000002cee50d0b20   72       3       java.util.ImmutableCollections$Set12$1::<init> (32 bytes)
Event: 0.260 Thread 0x000002cee50d0b20 nmethod 72 0x000002cec9916110 code [0x000002cec99162c0, 0x000002cec99164f8]
Event: 0.260 Thread 0x000002cee50d0b20   73       1       java.util.ImmutableCollections$Set12::isEmpty (2 bytes)
Event: 0.260 Thread 0x000002cee50d0b20 nmethod 73 0x000002ced0e33c10 code [0x000002ced0e33da0, 0x000002ced0e33e78]
Event: 0.265 Thread 0x000002cee50d0b20   74       3       java.util.HashMap::resize (356 bytes)
Event: 0.267 Thread 0x000002cee50d0b20 nmethod 74 0x000002cec9916610 code [0x000002cec99168c0, 0x000002cec9917de8]
Event: 0.267 Thread 0x000002cee50d0b20   75       3       java.lang.AbstractStringBuilder::ensureCapacityInternal (39 bytes)
Event: 0.267 Thread 0x000002cee50d0b20 nmethod 75 0x000002cec9918290 code [0x000002cec9918440, 0x000002cec9918678]
Event: 0.267 Thread 0x000002cee50d0b20   76       3       java.lang.AbstractStringBuilder::isLatin1 (19 bytes)
Event: 0.267 Thread 0x000002cee50d0b20 nmethod 76 0x000002cec9918790 code [0x000002cec9918920, 0x000002cec9918a98]
Event: 0.267 Thread 0x000002cee50d0b20   77       3       java.lang.String::charAt (25 bytes)
Event: 0.268 Thread 0x000002cee50d0b20 nmethod 77 0x000002cec9918b10 code [0x000002cec9918d00, 0x000002cec9919238]
Event: 0.268 Thread 0x000002cee50d0b20   78       3       java.lang.StringLatin1::indexOf (36 bytes)
Event: 0.268 Thread 0x000002cee50d0b20 nmethod 78 0x000002cec9919490 code [0x000002cec9919660, 0x000002cec9919a98]

GC Heap History (0 events):
No events

Deoptimization events (4 events):
Event: 0.264 Thread 0x000002cec5cc7890 Uncommon trap: trap_request=0xffffff45 fr.pc=0x000002ced0e31300 relative=0x0000000000000080
Event: 0.264 Thread 0x000002cec5cc7890 Uncommon trap: reason=unstable_if action=reinterpret pc=0x000002ced0e31300 method=java.lang.String.isLatin1()Z @ 10 c2
Event: 0.264 Thread 0x000002cec5cc7890 DEOPT PACKING pc=0x000002ced0e31300 sp=0x000000ed637feed0
Event: 0.264 Thread 0x000002cec5cc7890 DEOPT UNPACKING pc=0x000002cec93b23a3 sp=0x000000ed637fee10 mode 2

Classes unloaded (0 events):
No events

Classes redefined (0 events):
No events

Internal exceptions (0 events):
No events

VM Operations (0 events):
No events

Events (20 events):
Event: 0.270 loading class java/security/SecureClassLoader$1
Event: 0.271 loading class java/security/SecureClassLoader$1 done
Event: 0.271 loading class sun/security/util/LazyCodeSourcePermissionCollection
Event: 0.271 loading class java/security/PermissionCollection
Event: 0.271 loading class java/security/PermissionCollection done
Event: 0.271 loading class sun/security/util/LazyCodeSourcePermissionCollection done
Event: 0.271 loading class java/security/Permissions
Event: 0.271 loading class java/security/Permissions done
Event: 0.271 loading class java/lang/RuntimePermission
Event: 0.271 loading class java/lang/RuntimePermission done
Event: 0.271 loading class java/security/BasicPermissionCollection
Event: 0.271 loading class java/security/BasicPermissionCollection done
Event: 0.271 loading class java/security/AllPermission
Event: 0.272 loading class java/security/AllPermission done
Event: 0.272 loading class java/security/UnresolvedPermission
Event: 0.272 loading class java/security/UnresolvedPermission done
Event: 0.272 loading class java/security/SecureClassLoader$DebugHolder
Event: 0.272 loading class java/security/SecureClassLoader$DebugHolder done
Event: 0.272 loading class sun/security/util/Debug
Event: 0.272 loading class sun/security/util/Debug done


Dynamic libraries:
0x00007ff7ed940000 - 0x00007ff7ed94e000 	C:\Users\andri\Desktop\eclipse\plugins\org.eclipse.justj.openjdk.hotspot.jre.full.win32.x86_64_17.0.2.v20220201-1208\jre\bin\javaw.exe
0x00007fff67ee0000 - 0x00007fff680d0000 	C:\Windows\SYSTEM32\ntdll.dll
0x00007fff0dae0000 - 0x00007fff0daf7000 	C:\Program Files\Avast Software\Avast\aswhook.dll
0x00007fff66dc0000 - 0x00007fff66e72000 	C:\Windows\System32\KERNEL32.DLL
0x00007fff653d0000 - 0x00007fff65675000 	C:\Windows\System32\KERNELBASE.dll
0x00007fff652d0000 - 0x00007fff653ca000 	C:\Windows\System32\ucrtbase.dll
0x00007fff55fc0000 - 0x00007fff55fd8000 	C:\Users\andri\Desktop\eclipse\plugins\org.eclipse.justj.openjdk.hotspot.jre.full.win32.x86_64_17.0.2.v20220201-1208\jre\bin\jli.dll
0x00007fff55fa0000 - 0x00007fff55fb9000 	C:\Users\andri\Desktop\eclipse\plugins\org.eclipse.justj.openjdk.hotspot.jre.full.win32.x86_64_17.0.2.v20220201-1208\jre\bin\VCRUNTIME140.dll
0x00007fff669b0000 - 0x00007fff66b44000 	C:\Windows\System32\USER32.dll
0x00007fff651a0000 - 0x00007fff651c1000 	C:\Windows\System32\win32u.dll
0x00007fff54cc0000 - 0x00007fff54f44000 	C:\Windows\WinSxS\amd64_microsoft.windows.common-controls_6595b64144ccf1df_6.0.18362.1256_none_9e7e379be45e40e2\COMCTL32.dll
0x00007fff66170000 - 0x00007fff66196000 	C:\Windows\System32\GDI32.dll
0x00007fff66060000 - 0x00007fff660fe000 	C:\Windows\System32\msvcrt.dll
0x00007fff65000000 - 0x00007fff65196000 	C:\Windows\System32\gdi32full.dll
0x00007fff66250000 - 0x00007fff66586000 	C:\Windows\System32\combase.dll
0x00007fff65ea0000 - 0x00007fff65f3e000 	C:\Windows\System32\msvcp_win.dll
0x00007fff666e0000 - 0x00007fff66800000 	C:\Windows\System32\RPCRT4.dll
0x00007fff65e10000 - 0x00007fff65e91000 	C:\Windows\System32\bcryptPrimitives.dll
0x00007fff67d40000 - 0x00007fff67d6e000 	C:\Windows\System32\IMM32.DLL
0x00007fff61330000 - 0x00007fff6133c000 	C:\Users\andri\Desktop\eclipse\plugins\org.eclipse.justj.openjdk.hotspot.jre.full.win32.x86_64_17.0.2.v20220201-1208\jre\bin\vcruntime140_1.dll
0x00007fff488a0000 - 0x00007fff48931000 	C:\Users\andri\Desktop\eclipse\plugins\org.eclipse.justj.openjdk.hotspot.jre.full.win32.x86_64_17.0.2.v20220201-1208\jre\bin\msvcp140.dll
0x00007ffe9a6e0000 - 0x00007ffe9b327000 	C:\Users\andri\Desktop\eclipse\plugins\org.eclipse.justj.openjdk.hotspot.jre.full.win32.x86_64_17.0.2.v20220201-1208\jre\bin\server\jvm.dll
0x00007fff661a0000 - 0x00007fff66243000 	C:\Windows\System32\ADVAPI32.dll
0x00007fff66eb0000 - 0x00007fff66f47000 	C:\Windows\System32\sechost.dll
0x00007fff66ea0000 - 0x00007fff66ea8000 	C:\Windows\System32\PSAPI.DLL
0x00007fff44850000 - 0x00007fff44859000 	C:\Windows\SYSTEM32\WSOCK32.dll
0x00007fff60fe0000 - 0x00007fff61004000 	C:\Windows\SYSTEM32\WINMM.dll
0x00007fff5ed70000 - 0x00007fff5ed7a000 	C:\Windows\SYSTEM32\VERSION.dll
0x00007fff66b60000 - 0x00007fff66bcf000 	C:\Windows\System32\WS2_32.dll
0x00007fff60fb0000 - 0x00007fff60fdd000 	C:\Windows\SYSTEM32\winmmbase.dll
0x00007fff65f40000 - 0x00007fff65f8a000 	C:\Windows\System32\cfgmgr32.dll
0x00007fff64dc0000 - 0x00007fff64dd1000 	C:\Windows\System32\kernel.appcore.dll
0x00007fff48a70000 - 0x00007fff48a7a000 	C:\Users\andri\Desktop\eclipse\plugins\org.eclipse.justj.openjdk.hotspot.jre.full.win32.x86_64_17.0.2.v20220201-1208\jre\bin\jimage.dll
0x00007fff62ef0000 - 0x00007fff630e4000 	C:\Windows\SYSTEM32\DBGHELP.DLL
0x00007fff55a00000 - 0x00007fff55a2a000 	C:\Windows\SYSTEM32\dbgcore.DLL
0x00007fff38aa0000 - 0x00007fff38ac5000 	C:\Users\andri\Desktop\eclipse\plugins\org.eclipse.justj.openjdk.hotspot.jre.full.win32.x86_64_17.0.2.v20220201-1208\jre\bin\java.dll
0x00007fff48940000 - 0x00007fff48958000 	C:\Users\andri\Desktop\eclipse\plugins\org.eclipse.justj.openjdk.hotspot.jre.full.win32.x86_64_17.0.2.v20220201-1208\jre\bin\zip.dll
0x00007fff67130000 - 0x00007fff67817000 	C:\Windows\System32\SHELL32.dll
0x00007fff66bd0000 - 0x00007fff66c79000 	C:\Windows\System32\shcore.dll
0x00007fff65680000 - 0x00007fff65e01000 	C:\Windows\System32\windows.storage.dll
0x00007fff64d90000 - 0x00007fff64db3000 	C:\Windows\System32\profapi.dll
0x00007fff64e00000 - 0x00007fff64e4a000 	C:\Windows\System32\powrprof.dll
0x00007fff64d80000 - 0x00007fff64d90000 	C:\Windows\System32\UMPDC.dll
0x00007fff665a0000 - 0x00007fff665f2000 	C:\Windows\System32\shlwapi.dll
0x00007fff651d0000 - 0x00007fff651e7000 	C:\Windows\System32\cryptsp.dll

dbghelp: loaded successfully - version: 4.0.5 - missing functions: none
symbol engine: initialized successfully - sym options: 0x614 - pdb path: .;C:\Users\andri\Desktop\eclipse\plugins\org.eclipse.justj.openjdk.hotspot.jre.full.win32.x86_64_17.0.2.v20220201-1208\jre\bin;C:\Windows\SYSTEM32;C:\Program Files\Avast Software\Avast;C:\Windows\WinSxS\amd64_microsoft.windows.common-controls_6595b64144ccf1df_6.0.18362.1256_none_9e7e379be45e40e2;C:\Users\andri\Desktop\eclipse\plugins\org.eclipse.justj.openjdk.hotspot.jre.full.win32.x86_64_17.0.2.v20220201-1208\jre\bin\server

VM Arguments:
jvm_args: -Dfile.encoding=Cp1252 -XX:+ShowCodeDetailsInExceptionMessages 
java_command: Tutorial.Gestures
java_class_path (initial): C:\Users\andri\eclipse-workspace10\AppiumCourse\target\classes;C:\Users\andri\.m2\repository\io\appium\java-client\8.1.1\java-client-8.1.1.jar;C:\Users\andri\.m2\repository\org\seleniumhq\selenium\selenium-api\4.3.0\selenium-api-4.3.0.jar;C:\Users\andri\.m2\repository\org\seleniumhq\selenium\selenium-remote-driver\4.3.0\selenium-remote-driver-4.3.0.jar;C:\Users\andri\.m2\repository\com\beust\jcommander\1.82\jcommander-1.82.jar;C:\Users\andri\.m2\repository\com\google\auto\service\auto-service-annotations\1.0.1\auto-service-annotations-1.0.1.jar;C:\Users\andri\.m2\repository\com\google\auto\service\auto-service\1.0.1\auto-service-1.0.1.jar;C:\Users\andri\.m2\repository\com\google\auto\auto-common\1.2\auto-common-1.2.jar;C:\Users\andri\.m2\repository\com\google\guava\guava\31.1-jre\guava-31.1-jre.jar;C:\Users\andri\.m2\repository\com\google\guava\failureaccess\1.0.1\failureaccess-1.0.1.jar;C:\Users\andri\.m2\repository\com\google\guava\listenablefuture\9999.0-empty-to-avoid-conflict-with-guava\listenablefuture-9999.0-empty-to-avoid-conflict-with-guava.jar;C:\Users\andri\.m2\repository\com\google\code\findbugs\jsr305\3.0.2\jsr305-3.0.2.jar;C:\Users\andri\.m2\repository\org\checkerframework\checker-qual\3.12.0\checker-qual-3.12.0.jar;C:\Users\andri\.m2\repository\com\google\errorprone\error_prone_annotations\2.11.0\error_prone_annotations-2.11.0.jar;C:\Users\andri\.m2\repository\com\google\j2objc\j2objc-annotations\1.3\j2objc-annotations-1.3.jar;C:\Users\andri\.m2\repository\io\netty\netty-buffer\4.1.78.Final\netty-buffer-4.1.78.Final.jar;C:\Users\andri\.m2\repository\io\netty\netty-codec-http\4.1.78.Final\netty-codec-http-4.1.78.Final.jar;C:\Users\andri\.m2\repository\io\netty\netty-codec\4.1.78.Final\netty-codec-4.1.78.Final.jar;C:\Users\andri\.m2\repository\io\netty\netty-handler\4.1.78.Final\netty-handler-4.1.78.Final.jar;C:\Users\andri\.m2\repository\io\netty\netty-common\4.1.78.Final\netty-common-4.1.78.Final.jar;C:\Users\andri\.m2\rep
Launcher Type: SUN_STANDARD

[Global flags]
     intx CICompilerCount                          = 4                                         {product} {ergonomic}
     uint ConcGCThreads                            = 2                                         {product} {ergonomic}
     uint G1ConcRefinementThreads                  = 8                                         {product} {ergonomic}
   size_t G1HeapRegionSize                         = 2097152                                   {product} {ergonomic}
    uintx GCDrainStackTargetSize                   = 64                                        {product} {ergonomic}
   size_t InitialHeapSize                          = 266338304                                 {product} {ergonomic}
   size_t MarkStackSize                            = 4194304                                   {product} {ergonomic}
   size_t MaxHeapSize                              = 4229955584                                {product} {ergonomic}
   size_t MaxNewSize                               = 2537553920                                {product} {ergonomic}
   size_t MinHeapDeltaBytes                        = 2097152                                   {product} {ergonomic}
   size_t MinHeapSize                              = 8388608                                   {product} {ergonomic}
    uintx NonNMethodCodeHeapSize                   = 5839372                                {pd product} {ergonomic}
    uintx NonProfiledCodeHeapSize                  = 122909434                              {pd product} {ergonomic}
    uintx ProfiledCodeHeapSize                     = 122909434                              {pd product} {ergonomic}
    uintx ReservedCodeCacheSize                    = 251658240                              {pd product} {ergonomic}
     bool SegmentedCodeCache                       = true                                      {product} {ergonomic}
     bool ShowCodeDetailsInExceptionMessages       = true                                   {manageable} {command line}
   size_t SoftMaxHeapSize                          = 4229955584                             {manageable} {ergonomic}
     bool UseCompressedClassPointers               = true                           {product lp64_product} {ergonomic}
     bool UseCompressedOops                        = true                           {product lp64_product} {ergonomic}
     bool UseG1GC                                  = true                                      {product} {ergonomic}
     bool UseLargePagesIndividualAllocation        = false                                  {pd product} {ergonomic}

Logging:
Log output configuration:
 #0: stdout all=warning uptime,level,tags
 #1: stderr all=off uptime,level,tags

Environment Variables:
JAVA_HOME=C:\Program Files\OpenJDK\jre-8.0.262.10-hotspot
PATH=C:/Users/andri/Desktop/eclipse//plugins/org.eclipse.justj.openjdk.hotspot.jre.full.win32.x86_64_17.0.2.v20220201-1208/jre/bin/server;C:/Users/andri/Desktop/eclipse//plugins/org.eclipse.justj.openjdk.hotspot.jre.full.win32.x86_64_17.0.2.v20220201-1208/jre/bin;C:\Program Files\nodejs;C:\Users\andri\AppData\Local\Android\Sdk\emulator;C:\Program Files\OpenJDK\jre-8.0.262.10-hotspot\bin;C:\Program Files\Common Files\Oracle\Java\javapath;C:\Program Files\Git\cmd\;C:\Program Files\Git\bin\;C:\Program Files\ffmpeg;C:\Windows\system32;C:\Windows;C:\Windows\System32\Wbem;"C:\Android\tools;C:\Android\platform-tools";C:\Program Files\Android\Android Studio;C:\ProgramData\chocolatey\choco.exe;C:\ProgramData\chocolatey\bin;C:\Users\andri\AppData\Local\Android\Sdk\tools\bin;C:\Users\andri\AppData\Local\Android\Sdk\tools;C:\Users\andri\AppData\Local\Android\Sdk\platform-tools;C:\Users\andri\AppData\Local\Android\Sdk\tools\lib\x86_64\swt.jar;C:\Program Files\nodejs;C:\Users\andri\AppData\Local\Android\Sdk\emulator;C:\Program Files\OpenJDK\jre-8.0.262.10-hotspot\bin;C:\Program Files\Common Files\Oracle\Java\javapath;C:\Program Files\Git\cmd\;C:\Program Files\Git\bin\;C:\Program Files\ffmpeg;C:\Windows\system32;C:\Windows;C:\Windows\System32\Wbem;"C:\Android\tools;C:\Android\platform-tools";C:\Program Files\Android\Android Studio;C:\ProgramData\chocolatey\choco.exe;C:\ProgramData\chocolatey\bin;C:\Users\andri\AppData\Local\Android\Sdk\tools\bin;C:\Users\andri\AppData\Local\Android\Sdk\tools;C:\Users\andri\AppData\Local\Android\Sdk\platform-tools;C:\Users\andri\AppData\Local\Android\Sdk\tools\lib\x86_64\swt.jar;;C:\Program Files\nodejs;C:\Users\andri\AppData\Local\Programs\Microsoft VS Code\bin;;C:\Users\andri\Desktop\eclipse;
USERNAME=andri
OS=Windows_NT
PROCESSOR_IDENTIFIER=Intel64 Family 6 Model 142 Stepping 12, GenuineIntel



---------------  S Y S T E M  ---------------

OS:
 Windows 10 , 64 bit Build 18362 (10.0.18362.1110)
OS uptime: 0 days 2:19 hours

CPU: total 8 (initial active 8) (4 cores per cpu, 2 threads per core) family 6 model 142 stepping 12 microcode 0xde, cx8, cmov, fxsr, ht, mmx, 3dnowpref, sse, sse2, sse3, ssse3, sse4.1, sse4.2, popcnt, lzcnt, tsc, tscinvbit, avx, avx2, aes, erms, clmul, bmi1, bmi2, adx, fma, vzeroupper, clflush, clflushopt

Memory: 4k page, system-wide physical 16131M (1703M free)
TotalPageFile size 20227M (AvailPageFile size 4M)
current process WorkingSet (physical memory assigned to process): 29M, peak: 29M
current process commit charge ("private bytes"): 333M, peak: 333M

vm_info: OpenJDK 64-Bit Server VM (17.0.2+8) for windows-amd64 JRE (17.0.2+8), built on Jan 20 2022 04:52:34 by "" with MS VC++ 16.7 (VS2019)

END.
